\BOOKMARK [1][-]{section.1}{Einleitung}{}% 1
\BOOKMARK [1][-]{section.2}{Projekt-Management}{}% 2
\BOOKMARK [1][-]{section.3}{Basis der App}{}% 3
\BOOKMARK [1][-]{section.4}{SwiftOCR}{}% 4
\BOOKMARK [1][-]{section.5}{Tesseract}{}% 5
\BOOKMARK [2][-]{subsection.5.1}{Optionen von Tesseract-OCR-iOS}{section.5}% 6
\BOOKMARK [1][-]{section.6}{git}{}% 7
\BOOKMARK [2][-]{subsection.6.1}{git lfs}{section.6}% 8
\BOOKMARK [1][-]{section.7}{Festgestellte Probleme}{}% 9
\BOOKMARK [2][-]{subsection.7.1}{Die richtige Perspektive}{section.7}% 10
\BOOKMARK [2][-]{subsection.7.2}{Nach einem Grosseinkauf}{section.7}% 11
\BOOKMARK [1][-]{section.8}{OpenCV und Stitching}{}% 12
\BOOKMARK [2][-]{subsection.8.1}{OpenCV}{section.8}% 13
\BOOKMARK [2][-]{subsection.8.2}{Stitching}{section.8}% 14
\BOOKMARK [1][-]{section.9}{Master App kassenzettel-management}{}% 15
\BOOKMARK [1][-]{section.10}{Bildaufbereitungs-Funktionen - OpenCV}{}% 16
\BOOKMARK [1][-]{section.11}{Weitere verwendete Software}{}% 17
\BOOKMARK [2][-]{subsection.11.1}{Pods/CocoaPods}{section.11}% 18
\BOOKMARK [2][-]{subsection.11.2}{Homebrew}{section.11}% 19
\BOOKMARK [1][-]{section.12}{Mock-Up}{}% 20
\BOOKMARK [1][-]{section.13}{Aufgaben f\374r die zweite Phase - Diplomarbeit}{}% 21
\BOOKMARK [1][-]{section.14}{Was ich gelernt habe}{}% 22
\BOOKMARK [1][-]{section.15}{Quellenverzeichnis}{}% 23
\BOOKMARK [1][-]{section.16}{Bilderverzeichnis}{}% 24
